{"level":"info","message":"Service cleanup cron job started","service":"your-app-name","timestamp":"2025-07-23 14:19:18"}
{"level":"info","message":"🚀 Server is running on: http://localhost:5000","service":"your-app-name","timestamp":"2025-07-23 14:19:18"}
{"level":"info","message":"✅ MongoDB connected — DB HOST: ac-iclvitn-shard-00-00.k36xf9w.mongodb.net","service":"your-app-name","timestamp":"2025-07-23 14:19:19"}
{"level":"info","message":"🚀 Server is running on: http://localhost:5000","service":"your-app-name","timestamp":"2025-07-23 14:31:22"}
{"level":"info","message":"✅ MongoDB connected — DB HOST: ac-iclvitn-shard-00-02.k36xf9w.mongodb.net","service":"your-app-name","timestamp":"2025-07-23 14:31:22"}
{"level":"info","message":"🚀 Server is running on: http://localhost:5000","service":"your-app-name","timestamp":"2025-07-23 17:02:42"}
{"level":"info","message":"✅ MongoDB connected — DB HOST: ac-iclvitn-shard-00-00.k36xf9w.mongodb.net","service":"your-app-name","timestamp":"2025-07-23 17:02:42"}
{"level":"info","message":"🚀 Server is running on: http://localhost:5000","service":"your-app-name","timestamp":"2025-07-23 17:03:36"}
{"level":"info","message":"✅ MongoDB connected — DB HOST: ac-iclvitn-shard-00-02.k36xf9w.mongodb.net","service":"your-app-name","timestamp":"2025-07-23 17:03:36"}
{"level":"info","message":"🚀 Server is running on: http://localhost:5000","service":"your-app-name","timestamp":"2025-07-23 17:03:43"}
{"level":"info","message":"✅ MongoDB connected — DB HOST: ac-iclvitn-shard-00-00.k36xf9w.mongodb.net","service":"your-app-name","timestamp":"2025-07-23 17:03:44"}
{"level":"info","message":"🚀 Server is running on: http://localhost:5000","service":"your-app-name","timestamp":"2025-07-23 17:04:24"}
{"level":"info","message":"✅ MongoDB connected — DB HOST: ac-iclvitn-shard-00-00.k36xf9w.mongodb.net","service":"your-app-name","timestamp":"2025-07-23 17:04:24"}
{"level":"info","message":"🚀 Server is running on: http://localhost:5000","service":"your-app-name","timestamp":"2025-07-23 17:04:33"}
{"level":"info","message":"✅ MongoDB connected — DB HOST: ac-iclvitn-shard-00-00.k36xf9w.mongodb.net","service":"your-app-name","timestamp":"2025-07-23 17:04:33"}
{"level":"info","message":"🚀 Server is running on: http://localhost:5000","service":"your-app-name","timestamp":"2025-07-23 17:05:35"}
{"level":"info","message":"✅ MongoDB connected — DB HOST: ac-iclvitn-shard-00-02.k36xf9w.mongodb.net","service":"your-app-name","timestamp":"2025-07-23 17:05:35"}
{"level":"info","message":"🚀 Server is running on: http://localhost:5000","service":"your-app-name","timestamp":"2025-07-23 17:06:02"}
{"level":"info","message":"✅ MongoDB connected — DB HOST: ac-iclvitn-shard-00-00.k36xf9w.mongodb.net","service":"your-app-name","timestamp":"2025-07-23 17:06:02"}
{"level":"info","message":"🚀 Server is running on: http://localhost:5000","service":"your-app-name","timestamp":"2025-07-23 17:06:08"}
{"level":"info","message":"✅ MongoDB connected — DB HOST: ac-iclvitn-shard-00-02.k36xf9w.mongodb.net","service":"your-app-name","timestamp":"2025-07-23 17:06:09"}
{"level":"info","message":"🚀 Server is running on: http://localhost:5000","service":"your-app-name","timestamp":"2025-07-23 17:06:32"}
{"level":"info","message":"✅ MongoDB connected — DB HOST: ac-iclvitn-shard-00-01.k36xf9w.mongodb.net","service":"your-app-name","timestamp":"2025-07-23 17:06:32"}
{"level":"info","message":"🚀 Server is running on: http://localhost:5000","service":"your-app-name","timestamp":"2025-07-23 17:06:35"}
{"level":"info","message":"✅ MongoDB connected — DB HOST: ac-iclvitn-shard-00-02.k36xf9w.mongodb.net","service":"your-app-name","timestamp":"2025-07-23 17:06:35"}
{"level":"info","message":"🚀 Server is running on: http://localhost:5000","service":"your-app-name","timestamp":"2025-07-23 17:06:39"}
{"level":"info","message":"✅ MongoDB connected — DB HOST: ac-iclvitn-shard-00-00.k36xf9w.mongodb.net","service":"your-app-name","timestamp":"2025-07-23 17:06:39"}
{"level":"info","message":"🚀 Server is running on: http://localhost:5000","service":"your-app-name","timestamp":"2025-07-23 17:06:44"}
{"level":"info","message":"✅ MongoDB connected — DB HOST: ac-iclvitn-shard-00-02.k36xf9w.mongodb.net","service":"your-app-name","timestamp":"2025-07-23 17:06:44"}
{"level":"info","message":"🚀 Server is running on: http://localhost:5000","service":"your-app-name","timestamp":"2025-07-23 17:06:45"}
{"level":"info","message":"✅ MongoDB connected — DB HOST: ac-iclvitn-shard-00-00.k36xf9w.mongodb.net","service":"your-app-name","timestamp":"2025-07-23 17:06:45"}
{"level":"info","message":"🚀 Server is running on: http://localhost:5000","service":"your-app-name","timestamp":"2025-07-23 17:06:58"}
{"level":"info","message":"✅ MongoDB connected — DB HOST: ac-iclvitn-shard-00-02.k36xf9w.mongodb.net","service":"your-app-name","timestamp":"2025-07-23 17:06:59"}
{"level":"info","message":"🚀 Server is running on: http://localhost:5000","service":"your-app-name","timestamp":"2025-07-23 17:07:01"}
{"level":"info","message":"✅ MongoDB connected — DB HOST: ac-iclvitn-shard-00-00.k36xf9w.mongodb.net","service":"your-app-name","timestamp":"2025-07-23 17:07:01"}
{"level":"info","message":"🚀 Server is running on: http://localhost:5000","service":"your-app-name","timestamp":"2025-07-23 17:07:06"}
{"level":"info","message":"✅ MongoDB connected — DB HOST: ac-iclvitn-shard-00-01.k36xf9w.mongodb.net","service":"your-app-name","timestamp":"2025-07-23 17:07:07"}
{"level":"info","message":"🚀 Server is running on: http://localhost:5000","service":"your-app-name","timestamp":"2025-07-23 17:07:19"}
{"level":"info","message":"✅ MongoDB connected — DB HOST: ac-iclvitn-shard-00-00.k36xf9w.mongodb.net","service":"your-app-name","timestamp":"2025-07-23 17:07:19"}
{"level":"info","message":"🚀 Server is running on: http://localhost:5000","service":"your-app-name","timestamp":"2025-07-23 17:07:27"}
{"level":"info","message":"✅ MongoDB connected — DB HOST: ac-iclvitn-shard-00-00.k36xf9w.mongodb.net","service":"your-app-name","timestamp":"2025-07-23 17:07:28"}
{"level":"info","message":"🚀 Server is running on: http://localhost:5000","service":"your-app-name","timestamp":"2025-07-23 17:07:30"}
{"level":"info","message":"🚀 Server is running on: http://localhost:5000","service":"your-app-name","timestamp":"2025-07-23 17:07:31"}
{"level":"info","message":"✅ MongoDB connected — DB HOST: ac-iclvitn-shard-00-02.k36xf9w.mongodb.net","service":"your-app-name","timestamp":"2025-07-23 17:07:31"}
{"level":"info","message":"🚀 Server is running on: http://localhost:5000","service":"your-app-name","timestamp":"2025-07-23 17:07:32"}
{"level":"info","message":"✅ MongoDB connected — DB HOST: ac-iclvitn-shard-00-02.k36xf9w.mongodb.net","service":"your-app-name","timestamp":"2025-07-23 17:07:33"}
{"level":"info","message":"🚀 Server is running on: http://localhost:5000","service":"your-app-name","timestamp":"2025-07-23 17:08:09"}
{"level":"info","message":"✅ MongoDB connected — DB HOST: ac-iclvitn-shard-00-00.k36xf9w.mongodb.net","service":"your-app-name","timestamp":"2025-07-23 17:08:09"}
{"level":"info","message":"🚀 Server is running on: http://localhost:5000","service":"your-app-name","timestamp":"2025-07-23 17:08:10"}
{"level":"info","message":"✅ MongoDB connected — DB HOST: ac-iclvitn-shard-00-01.k36xf9w.mongodb.net","service":"your-app-name","timestamp":"2025-07-23 17:08:11"}
{"level":"info","message":"🚀 Server is running on: http://localhost:5000","service":"your-app-name","timestamp":"2025-07-23 17:08:12"}
{"level":"info","message":"✅ MongoDB connected — DB HOST: ac-iclvitn-shard-00-00.k36xf9w.mongodb.net","service":"your-app-name","timestamp":"2025-07-23 17:08:12"}
{"level":"info","message":"🚀 Server is running on: http://localhost:5000","service":"your-app-name","timestamp":"2025-07-23 17:08:14"}
{"level":"info","message":"✅ MongoDB connected — DB HOST: ac-iclvitn-shard-00-01.k36xf9w.mongodb.net","service":"your-app-name","timestamp":"2025-07-23 17:08:14"}
{"level":"info","message":"🚀 Server is running on: http://localhost:5000","service":"your-app-name","timestamp":"2025-07-23 17:08:17"}
{"level":"info","message":"✅ MongoDB connected — DB HOST: ac-iclvitn-shard-00-01.k36xf9w.mongodb.net","service":"your-app-name","timestamp":"2025-07-23 17:08:18"}
{"level":"info","message":"🚀 Server is running on: http://localhost:5000","service":"your-app-name","timestamp":"2025-07-23 17:08:24"}
{"level":"info","message":"✅ MongoDB connected — DB HOST: ac-iclvitn-shard-00-02.k36xf9w.mongodb.net","service":"your-app-name","timestamp":"2025-07-23 17:08:24"}
{"level":"info","message":"🚀 Server is running on: http://localhost:5000","service":"your-app-name","timestamp":"2025-07-23 17:08:27"}
{"level":"info","message":"✅ MongoDB connected — DB HOST: ac-iclvitn-shard-00-02.k36xf9w.mongodb.net","service":"your-app-name","timestamp":"2025-07-23 17:08:28"}
{"level":"info","message":"🚀 Server is running on: http://localhost:5000","service":"your-app-name","timestamp":"2025-07-23 17:08:33"}
{"level":"info","message":"✅ MongoDB connected — DB HOST: ac-iclvitn-shard-00-00.k36xf9w.mongodb.net","service":"your-app-name","timestamp":"2025-07-23 17:08:33"}
{"level":"info","message":"🚀 Server is running on: http://localhost:5000","service":"your-app-name","timestamp":"2025-07-23 17:08:36"}
{"level":"info","message":"✅ MongoDB connected — DB HOST: ac-iclvitn-shard-00-02.k36xf9w.mongodb.net","service":"your-app-name","timestamp":"2025-07-23 17:08:36"}
{"level":"info","message":"🚀 Server is running on: http://localhost:5000","service":"your-app-name","timestamp":"2025-07-23 17:57:25"}
{"level":"info","message":"✅ MongoDB connected — DB HOST: ac-znhtoqr-shard-00-02.v5g0hrl.mongodb.net","service":"your-app-name","timestamp":"2025-07-23 17:57:26"}
{"level":"info","message":"🚀 Server is running on: http://localhost:5000","service":"your-app-name","timestamp":"2025-07-23 17:57:54"}
{"level":"info","message":"✅ MongoDB connected — DB HOST: ac-znhtoqr-shard-00-00.v5g0hrl.mongodb.net","service":"your-app-name","timestamp":"2025-07-23 17:57:54"}
{"level":"info","message":"🚀 Server is running on: http://localhost:5000","service":"your-app-name","timestamp":"2025-07-23 17:58:01"}
{"level":"info","message":"✅ MongoDB connected — DB HOST: ac-znhtoqr-shard-00-01.v5g0hrl.mongodb.net","service":"your-app-name","timestamp":"2025-07-23 17:58:01"}
{"level":"info","message":"🚀 Server is running on: http://localhost:5000","service":"your-app-name","timestamp":"2025-07-23 17:58:03"}
{"level":"info","message":"✅ MongoDB connected — DB HOST: ac-znhtoqr-shard-00-02.v5g0hrl.mongodb.net","service":"your-app-name","timestamp":"2025-07-23 17:58:04"}
{"level":"info","message":"🚀 Server is running on: http://localhost:5000","service":"your-app-name","timestamp":"2025-07-23 17:58:21"}
{"level":"info","message":"✅ MongoDB connected — DB HOST: ac-znhtoqr-shard-00-00.v5g0hrl.mongodb.net","service":"your-app-name","timestamp":"2025-07-23 17:58:21"}
{"level":"info","message":"🚀 Server is running on: http://localhost:5000","service":"your-app-name","timestamp":"2025-07-23 17:58:30"}
{"level":"info","message":"✅ MongoDB connected — DB HOST: ac-znhtoqr-shard-00-01.v5g0hrl.mongodb.net","service":"your-app-name","timestamp":"2025-07-23 17:58:31"}
{"level":"info","message":"🚀 Server is running on: http://localhost:5000","service":"your-app-name","timestamp":"2025-07-23 17:58:36"}
{"level":"info","message":"🚀 Server is running on: http://localhost:5000","service":"your-app-name","timestamp":"2025-07-23 17:58:37"}
{"level":"info","message":"✅ MongoDB connected — DB HOST: ac-znhtoqr-shard-00-02.v5g0hrl.mongodb.net","service":"your-app-name","timestamp":"2025-07-23 17:58:38"}
{"level":"info","message":"🚀 Server is running on: http://localhost:5000","service":"your-app-name","timestamp":"2025-07-23 17:58:41"}
{"level":"info","message":"✅ MongoDB connected — DB HOST: ac-znhtoqr-shard-00-00.v5g0hrl.mongodb.net","service":"your-app-name","timestamp":"2025-07-23 17:58:42"}
{"level":"info","message":"🚀 Server is running on: http://localhost:5000","service":"your-app-name","timestamp":"2025-07-23 17:58:43"}
{"level":"info","message":"✅ MongoDB connected — DB HOST: ac-znhtoqr-shard-00-01.v5g0hrl.mongodb.net","service":"your-app-name","timestamp":"2025-07-23 17:58:44"}
{"level":"info","message":"🚀 Server is running on: http://localhost:5000","service":"your-app-name","timestamp":"2025-07-23 17:58:45"}
{"level":"info","message":"✅ MongoDB connected — DB HOST: ac-znhtoqr-shard-00-00.v5g0hrl.mongodb.net","service":"your-app-name","timestamp":"2025-07-23 17:58:46"}
{"level":"info","message":"🚀 Server is running on: http://localhost:5000","service":"your-app-name","timestamp":"2025-07-23 17:58:48"}
{"level":"info","message":"🚀 Server is running on: http://localhost:5000","service":"your-app-name","timestamp":"2025-07-23 17:58:49"}
{"level":"info","message":"✅ MongoDB connected — DB HOST: ac-znhtoqr-shard-00-00.v5g0hrl.mongodb.net","service":"your-app-name","timestamp":"2025-07-23 17:58:49"}
{"level":"info","message":"🚀 Server is running on: http://localhost:5000","service":"your-app-name","timestamp":"2025-07-23 17:59:06"}
{"level":"info","message":"✅ MongoDB connected — DB HOST: ac-znhtoqr-shard-00-02.v5g0hrl.mongodb.net","service":"your-app-name","timestamp":"2025-07-23 17:59:06"}
{"level":"info","message":"🚀 Server is running on: http://localhost:5000","service":"your-app-name","timestamp":"2025-07-23 17:59:21"}
{"level":"info","message":"✅ MongoDB connected — DB HOST: ac-znhtoqr-shard-00-00.v5g0hrl.mongodb.net","service":"your-app-name","timestamp":"2025-07-23 17:59:21"}
{"level":"info","message":"🚀 Server is running on: http://localhost:5000","service":"your-app-name","timestamp":"2025-07-23 17:59:54"}
{"level":"info","message":"✅ MongoDB connected — DB HOST: ac-znhtoqr-shard-00-02.v5g0hrl.mongodb.net","service":"your-app-name","timestamp":"2025-07-23 17:59:55"}
{"level":"info","message":"🚀 Server is running on: http://localhost:5000","service":"your-app-name","timestamp":"2025-07-23 18:00:00"}
{"level":"info","message":"✅ MongoDB connected — DB HOST: ac-znhtoqr-shard-00-00.v5g0hrl.mongodb.net","service":"your-app-name","timestamp":"2025-07-23 18:00:00"}
{"level":"info","message":"🚀 Server is running on: http://localhost:5000","service":"your-app-name","timestamp":"2025-07-23 18:00:03"}
{"level":"info","message":"✅ MongoDB connected — DB HOST: ac-znhtoqr-shard-00-00.v5g0hrl.mongodb.net","service":"your-app-name","timestamp":"2025-07-23 18:00:04"}
{"level":"info","message":"🚀 Server is running on: http://localhost:5000","service":"your-app-name","timestamp":"2025-07-23 18:00:07"}
{"level":"info","message":"✅ MongoDB connected — DB HOST: ac-znhtoqr-shard-00-02.v5g0hrl.mongodb.net","service":"your-app-name","timestamp":"2025-07-23 18:00:07"}
{"level":"info","message":"🚀 Server is running on: http://localhost:5000","service":"your-app-name","timestamp":"2025-07-23 18:00:09"}
{"level":"info","message":"✅ MongoDB connected — DB HOST: ac-znhtoqr-shard-00-02.v5g0hrl.mongodb.net","service":"your-app-name","timestamp":"2025-07-23 18:00:09"}
{"level":"info","message":"🚀 Server is running on: http://localhost:5000","service":"your-app-name","timestamp":"2025-07-23 18:00:11"}
{"level":"info","message":"✅ MongoDB connected — DB HOST: ac-znhtoqr-shard-00-00.v5g0hrl.mongodb.net","service":"your-app-name","timestamp":"2025-07-23 18:00:11"}
{"level":"info","message":"🚀 Server is running on: http://localhost:5000","service":"your-app-name","timestamp":"2025-07-23 18:00:51"}
{"level":"info","message":"✅ MongoDB connected — DB HOST: ac-znhtoqr-shard-00-01.v5g0hrl.mongodb.net","service":"your-app-name","timestamp":"2025-07-23 18:00:52"}
{"level":"info","message":"🚀 Server is running on: http://localhost:5000","service":"your-app-name","timestamp":"2025-07-23 18:01:02"}
{"level":"info","message":"✅ MongoDB connected — DB HOST: ac-znhtoqr-shard-00-02.v5g0hrl.mongodb.net","service":"your-app-name","timestamp":"2025-07-23 18:01:02"}
{"level":"info","message":"🚀 Server is running on: http://localhost:5000","service":"your-app-name","timestamp":"2025-07-23 18:37:34"}
{"level":"info","message":"✅ MongoDB connected — DB HOST: ac-znhtoqr-shard-00-02.v5g0hrl.mongodb.net","service":"your-app-name","timestamp":"2025-07-23 18:37:35"}
{"level":"info","message":"🚀 Server is running on: http://localhost:5000","service":"your-app-name","timestamp":"2025-07-23 18:37:43"}
{"level":"info","message":"✅ MongoDB connected — DB HOST: ac-znhtoqr-shard-00-02.v5g0hrl.mongodb.net","service":"your-app-name","timestamp":"2025-07-23 18:37:43"}
{"level":"info","message":"::1 - - [23/Jul/2025:13:08:09 +0000] \"POST /api/v1/lead/create HTTP/1.1\" 404 158 \"-\" \"PostmanRuntime/7.44.1\"","service":"your-app-name","timestamp":"2025-07-23 18:38:09"}
